TN:
SF:/Users/derekrush/sites/codewars_js/jest.config.js
FNF:0
FNH:0
DA:1,0
LF:1
LH:0
BRF:0
BRH:0
end_of_record
TN:
SF:/Users/derekrush/sites/codewars_js/coverage/lcov-report/block-navigation.js
FN:2,init
FN:24,toggleClass
FN:31,makeCurrent
FN:41,goToPrevious
FN:52,goToNext
FN:65,jump
FNF:6
FNH:0
FNDA:0,init
FNDA:0,toggleClass
FNDA:0,makeCurrent
FNDA:0,goToPrevious
FNDA:0,goToNext
FNDA:0,jump
DA:2,0
DA:4,0
DA:7,0
DA:10,0
DA:14,0
DA:20,0
DA:25,0
DA:28,0
DA:32,0
DA:33,0
DA:34,0
DA:42,0
DA:43,0
DA:44,0
DA:45,0
DA:46,0
DA:49,0
DA:53,0
DA:55,0
DA:59,0
DA:62,0
DA:65,0
DA:66,0
DA:69,0
DA:70,0
DA:74,0
DA:75,0
DA:79,0
LF:28
LH:0
BRDA:43,0,0,0
BRDA:43,0,1,0
BRDA:43,1,0,0
BRDA:43,1,1,0
BRDA:45,2,0,0
BRDA:45,2,1,0
BRDA:55,3,0,0
BRDA:55,3,1,0
BRDA:56,4,0,0
BRDA:56,4,1,0
BRDA:66,5,0,0
BRDA:66,5,1,0
BRDA:66,5,2,0
BRDA:66,5,3,0
BRDA:66,5,4,0
BRF:15
BRH:0
end_of_record
TN:
SF:/Users/derekrush/sites/codewars_js/coverage/lcov-report/prettify.js
FN:2,(anonymous_0)
FN:2,k
FN:2,ab
FN:2,T
FN:2,X
FN:2,(anonymous_5)
FN:2,W
FN:2,(anonymous_7)
FN:2,a
FN:2,aa
FN:2,B
FN:2,o
FN:2,g
FN:2,(anonymous_13)
FN:2,(anonymous_14)
FN:2,i
FN:2,Q
FN:2,ae
FN:2,ad
FN:2,ai
FN:2,D
FN:2,c
FN:2,q
FN:2,d
FN:2,y
FN:2,b
FN:2,Y
FN:2,(anonymous_27)
FN:2,U
FNF:29
FNH:0
FNDA:0,(anonymous_0)
FNDA:0,k
FNDA:0,ab
FNDA:0,T
FNDA:0,X
FNDA:0,(anonymous_5)
FNDA:0,W
FNDA:0,(anonymous_7)
FNDA:0,a
FNDA:0,aa
FNDA:0,B
FNDA:0,o
FNDA:0,g
FNDA:0,(anonymous_13)
FNDA:0,(anonymous_14)
FNDA:0,i
FNDA:0,Q
FNDA:0,ae
FNDA:0,ad
FNDA:0,ai
FNDA:0,D
FNDA:0,c
FNDA:0,q
FNDA:0,d
FNDA:0,y
FNDA:0,b
FNDA:0,Y
FNDA:0,(anonymous_27)
FNDA:0,U
DA:2,0
LF:1
LH:0
BRDA:2,0,0,0
BRDA:2,0,1,0
BRDA:2,1,0,0
BRDA:2,1,1,0
BRDA:2,2,0,0
BRDA:2,2,1,0
BRDA:2,3,0,0
BRDA:2,3,1,0
BRDA:2,4,0,0
BRDA:2,4,1,0
BRDA:2,5,0,0
BRDA:2,5,1,0
BRDA:2,6,0,0
BRDA:2,6,1,0
BRDA:2,7,0,0
BRDA:2,7,1,0
BRDA:2,8,0,0
BRDA:2,8,1,0
BRDA:2,9,0,0
BRDA:2,9,1,0
BRDA:2,10,0,0
BRDA:2,10,1,0
BRDA:2,11,0,0
BRDA:2,11,1,0
BRDA:2,11,2,0
BRDA:2,11,3,0
BRDA:2,12,0,0
BRDA:2,12,1,0
BRDA:2,13,0,0
BRDA:2,13,1,0
BRDA:2,14,0,0
BRDA:2,14,1,0
BRDA:2,15,0,0
BRDA:2,15,1,0
BRDA:2,16,0,0
BRDA:2,16,1,0
BRDA:2,17,0,0
BRDA:2,17,1,0
BRDA:2,18,0,0
BRDA:2,18,1,0
BRDA:2,19,0,0
BRDA:2,19,1,0
BRDA:2,20,0,0
BRDA:2,20,1,0
BRDA:2,21,0,0
BRDA:2,21,1,0
BRDA:2,22,0,0
BRDA:2,22,1,0
BRDA:2,23,0,0
BRDA:2,23,1,0
BRDA:2,24,0,0
BRDA:2,24,1,0
BRDA:2,25,0,0
BRDA:2,25,1,0
BRDA:2,26,0,0
BRDA:2,26,1,0
BRDA:2,27,0,0
BRDA:2,27,1,0
BRDA:2,28,0,0
BRDA:2,28,1,0
BRDA:2,29,0,0
BRDA:2,29,1,0
BRDA:2,30,0,0
BRDA:2,30,1,0
BRDA:2,31,0,0
BRDA:2,31,1,0
BRDA:2,32,0,0
BRDA:2,32,1,0
BRDA:2,33,0,0
BRDA:2,33,1,0
BRDA:2,34,0,0
BRDA:2,34,1,0
BRDA:2,35,0,0
BRDA:2,35,1,0
BRDA:2,36,0,0
BRDA:2,36,1,0
BRDA:2,37,0,0
BRDA:2,37,1,0
BRDA:2,38,0,0
BRDA:2,38,1,0
BRDA:2,39,0,0
BRDA:2,39,1,0
BRDA:2,40,0,0
BRDA:2,40,1,0
BRDA:2,41,0,0
BRDA:2,41,1,0
BRDA:2,42,0,0
BRDA:2,42,1,0
BRDA:2,43,0,0
BRDA:2,43,1,0
BRDA:2,44,0,0
BRDA:2,44,1,0
BRDA:2,45,0,0
BRDA:2,45,1,0
BRDA:2,46,0,0
BRDA:2,46,1,0
BRDA:2,47,0,0
BRDA:2,47,1,0
BRDA:2,48,0,0
BRDA:2,48,1,0
BRDA:2,49,0,0
BRDA:2,49,1,0
BRDA:2,50,0,0
BRDA:2,50,1,0
BRDA:2,50,2,0
BRDA:2,51,0,0
BRDA:2,51,1,0
BRDA:2,52,0,0
BRDA:2,52,1,0
BRDA:2,53,0,0
BRDA:2,53,1,0
BRDA:2,54,0,0
BRDA:2,54,1,0
BRDA:2,55,0,0
BRDA:2,55,1,0
BRDA:2,56,0,0
BRDA:2,56,1,0
BRDA:2,57,0,0
BRDA:2,57,1,0
BRDA:2,58,0,0
BRDA:2,58,1,0
BRDA:2,59,0,0
BRDA:2,59,1,0
BRDA:2,60,0,0
BRDA:2,60,1,0
BRDA:2,61,0,0
BRDA:2,61,1,0
BRDA:2,62,0,0
BRDA:2,62,1,0
BRDA:2,63,0,0
BRDA:2,63,1,0
BRDA:2,64,0,0
BRDA:2,64,1,0
BRDA:2,65,0,0
BRDA:2,65,1,0
BRDA:2,66,0,0
BRDA:2,66,1,0
BRDA:2,67,0,0
BRDA:2,67,1,0
BRDA:2,68,0,0
BRDA:2,68,1,0
BRDA:2,69,0,0
BRDA:2,69,1,0
BRDA:2,70,0,0
BRDA:2,70,1,0
BRDA:2,71,0,0
BRDA:2,71,1,0
BRDA:2,72,0,0
BRDA:2,72,1,0
BRDA:2,73,0,0
BRDA:2,73,1,0
BRDA:2,74,0,0
BRDA:2,74,1,0
BRDA:2,75,0,0
BRDA:2,75,1,0
BRDA:2,76,0,0
BRDA:2,76,1,0
BRDA:2,77,0,0
BRDA:2,77,1,0
BRDA:2,78,0,0
BRDA:2,78,1,0
BRDA:2,79,0,0
BRDA:2,79,1,0
BRDA:2,80,0,0
BRDA:2,80,1,0
BRDA:2,81,0,0
BRDA:2,81,1,0
BRDA:2,82,0,0
BRDA:2,82,1,0
BRDA:2,83,0,0
BRDA:2,83,1,0
BRDA:2,84,0,0
BRDA:2,84,1,0
BRDA:2,85,0,0
BRDA:2,85,1,0
BRDA:2,86,0,0
BRDA:2,86,1,0
BRDA:2,87,0,0
BRDA:2,87,1,0
BRDA:2,88,0,0
BRDA:2,88,1,0
BRDA:2,89,0,0
BRDA:2,89,1,0
BRDA:2,89,2,0
BRDA:2,90,0,0
BRDA:2,90,1,0
BRDA:2,91,0,0
BRDA:2,91,1,0
BRDA:2,92,0,0
BRDA:2,92,1,0
BRDA:2,93,0,0
BRDA:2,93,1,0
BRDA:2,94,0,0
BRDA:2,94,1,0
BRDA:2,95,0,0
BRDA:2,95,1,0
BRDA:2,96,0,0
BRDA:2,96,1,0
BRDA:2,97,0,0
BRDA:2,97,1,0
BRDA:2,98,0,0
BRDA:2,98,1,0
BRDA:2,99,0,0
BRDA:2,99,1,0
BRDA:2,100,0,0
BRDA:2,100,1,0
BRDA:2,101,0,0
BRDA:2,101,1,0
BRDA:2,102,0,0
BRDA:2,102,1,0
BRDA:2,103,0,0
BRDA:2,103,1,0
BRDA:2,104,0,0
BRDA:2,104,1,0
BRDA:2,105,0,0
BRDA:2,105,1,0
BRDA:2,106,0,0
BRDA:2,106,1,0
BRDA:2,107,0,0
BRDA:2,107,1,0
BRDA:2,108,0,0
BRDA:2,108,1,0
BRDA:2,109,0,0
BRDA:2,109,1,0
BRDA:2,110,0,0
BRDA:2,110,1,0
BRDA:2,111,0,0
BRDA:2,111,1,0
BRDA:2,112,0,0
BRDA:2,112,1,0
BRDA:2,113,0,0
BRDA:2,113,1,0
BRDA:2,114,0,0
BRDA:2,114,1,0
BRDA:2,115,0,0
BRDA:2,115,1,0
BRDA:2,116,0,0
BRDA:2,116,1,0
BRDA:2,117,0,0
BRDA:2,117,1,0
BRDA:2,118,0,0
BRDA:2,118,1,0
BRDA:2,119,0,0
BRDA:2,119,1,0
BRDA:2,120,0,0
BRDA:2,120,1,0
BRDA:2,121,0,0
BRDA:2,121,1,0
BRDA:2,122,0,0
BRDA:2,122,1,0
BRDA:2,123,0,0
BRDA:2,123,1,0
BRDA:2,124,0,0
BRDA:2,124,1,0
BRDA:2,125,0,0
BRDA:2,125,1,0
BRDA:2,126,0,0
BRDA:2,126,1,0
BRDA:2,127,0,0
BRDA:2,127,1,0
BRDA:2,128,0,0
BRDA:2,128,1,0
BRDA:2,128,2,0
BRDA:2,129,0,0
BRDA:2,129,1,0
BRDA:2,130,0,0
BRDA:2,130,1,0
BRDA:2,131,0,0
BRDA:2,131,1,0
BRDA:2,131,2,0
BRDA:2,131,3,0
BRDA:2,131,4,0
BRDA:2,132,0,0
BRDA:2,132,1,0
BRDA:2,133,0,0
BRDA:2,133,1,0
BRDA:2,134,0,0
BRDA:2,134,1,0
BRDA:2,135,0,0
BRDA:2,135,1,0
BRDA:2,136,0,0
BRDA:2,136,1,0
BRDA:2,137,0,0
BRDA:2,137,1,0
BRDA:2,138,0,0
BRDA:2,138,1,0
BRF:286
BRH:0
end_of_record
TN:
SF:/Users/derekrush/sites/codewars_js/coverage/lcov-report/sorter.js
FN:2,(anonymous_0)
FN:11,getTable
FN:15,getTableHeader
FN:19,getTableBody
FN:23,getNthColumn
FN:28,loadColumns
FN:53,loadRowData
FN:72,loadData
FN:81,sortByIndex
FN:83,(anonymous_9)
FN:95,(anonymous_10)
FN:112,removeSortIndicators
FN:120,addSortIndicators
FN:126,enableUI
FN:129,ithSorter
FN:132,(anonymous_15)
FN:159,(anonymous_16)
FNF:17
FNH:0
FNDA:0,(anonymous_0)
FNDA:0,getTable
FNDA:0,getTableHeader
FNDA:0,getTableBody
FNDA:0,getNthColumn
FNDA:0,loadColumns
FNDA:0,loadRowData
FNDA:0,loadData
FNDA:0,sortByIndex
FNDA:0,(anonymous_9)
FNDA:0,(anonymous_10)
FNDA:0,removeSortIndicators
FNDA:0,addSortIndicators
FNDA:0,enableUI
FNDA:0,ithSorter
FNDA:0,(anonymous_15)
FNDA:0,(anonymous_16)
DA:2,0
DA:5,0
DA:12,0
DA:16,0
DA:20,0
DA:24,0
DA:29,0
DA:31,0
DA:35,0
DA:36,0
DA:37,0
DA:42,0
DA:43,0
DA:44,0
DA:45,0
DA:49,0
DA:54,0
DA:57,0
DA:60,0
DA:61,0
DA:62,0
DA:63,0
DA:64,0
DA:65,0
DA:67,0
DA:69,0
DA:73,0
DA:76,0
DA:77,0
DA:82,0
DA:83,0
DA:84,0
DA:85,0
DA:86,0
DA:88,0
DA:89,0
DA:90,0
DA:91,0
DA:94,0
DA:95,0
DA:96,0
DA:100,0
DA:101,0
DA:102,0
DA:105,0
DA:107,0
DA:108,0
DA:113,0
DA:114,0
DA:116,0
DA:117,0
DA:121,0
DA:129,0
DA:130,0
DA:132,0
DA:133,0
DA:135,0
DA:136,0
DA:138,0
DA:139,0
DA:140,0
DA:141,0
DA:142,0
DA:145,0
DA:146,0
DA:149,0
DA:150,0
DA:151,0
DA:153,0
DA:159,0
DA:160,0
DA:161,0
DA:163,0
DA:164,0
DA:165,0
DA:166,0
DA:170,0
LF:77
LH:0
BRDA:40,0,0,0
BRDA:40,0,1,0
BRDA:43,1,0,0
BRDA:43,1,1,0
BRDA:64,2,0,0
BRDA:64,2,1,0
BRDA:86,3,0,0
BRDA:86,3,1,0
BRDA:86,4,0,0
BRDA:86,4,1,0
BRDA:94,5,0,0
BRDA:94,5,1,0
BRDA:121,6,0,0
BRDA:121,6,1,0
BRDA:135,7,0,0
BRDA:135,7,1,0
BRDA:146,8,0,0
BRDA:146,8,1,0
BRDA:150,9,0,0
BRDA:150,9,1,0
BRDA:160,10,0,0
BRDA:160,10,1,0
BRF:22
BRH:0
end_of_record
TN:
SF:/Users/derekrush/sites/codewars_js/src/alphabetWars.ts
FN:28,(anonymous_0)
FN:33,(anonymous_1)
FN:36,(anonymous_2)
FNF:3
FNH:3
FNDA:11,(anonymous_0)
FNDA:15,(anonymous_1)
FNDA:190,(anonymous_2)
DA:28,1
DA:29,11
DA:30,11
DA:33,1
DA:34,15
DA:35,3
DA:36,190
DA:37,2
DA:38,0
DA:39,2
DA:40,3
DA:42,2
DA:45,10
DA:46,10
DA:48,0
DA:49,10
DA:50,21
DA:52,10
DA:53,10
DA:54,10
DA:56,21
DA:58,21
DA:62,8
DA:66,10
LF:24
LH:22
BRDA:30,0,0,11
BRDA:30,0,1,0
BRDA:50,1,0,44
BRDA:50,1,1,44
BRDA:56,2,0,11
BRDA:56,2,1,10
BRDA:59,3,0,11
BRDA:59,3,1,10
BRF:8
BRH:7
end_of_record
TN:
SF:/Users/derekrush/sites/codewars_js/src/detectPangram.ts
FN:1,(anonymous_0)
FN:4,(anonymous_1)
FNF:2
FNH:2
FNDA:2,(anonymous_0)
FNDA:52,(anonymous_1)
DA:1,1
DA:2,2
DA:3,2
DA:4,52
LF:4
LH:4
BRF:0
BRH:0
end_of_record
TN:
SF:/Users/derekrush/sites/codewars_js/src/financingPurchase.ts
FN:24,(anonymous_0)
FNF:1
FNH:0
FNDA:0,(anonymous_0)
DA:24,0
DA:25,0
DA:26,0
DA:27,0
DA:28,0
DA:29,0
LF:6
LH:0
BRF:0
BRH:0
end_of_record
TN:
SF:/Users/derekrush/sites/codewars_js/src/funWithTrees.ts
FN:5,(anonymous_0)
FN:15,(anonymous_1)
FN:21,flatten
FN:35,(anonymous_3)
FN:36,(anonymous_4)
FNF:5
FNH:1
FNDA:0,(anonymous_0)
FNDA:0,(anonymous_1)
FNDA:1,flatten
FNDA:0,(anonymous_3)
FNDA:0,(anonymous_4)
DA:1,1
DA:6,0
DA:7,0
DA:8,0
DA:12,1
DA:16,0
DA:17,0
DA:21,1
DA:22,1
DA:23,0
DA:24,0
DA:26,0
DA:27,0
DA:29,0
DA:30,0
DA:32,0
DA:33,0
DA:35,0
DA:36,0
LF:19
LH:4
BRDA:5,0,0,0
BRDA:5,1,0,0
BRDA:15,2,0,0
BRDA:32,3,0,0
BRDA:32,3,1,0
BRDA:33,4,0,0
BRDA:33,4,1,0
BRF:7
BRH:0
end_of_record
TN:
SF:/Users/derekrush/sites/codewars_js/src/meeting.ts
FN:1,(anonymous_0)
FN:2,(anonymous_1)
FN:3,(anonymous_2)
FNF:3
FNH:3
FNDA:4,(anonymous_0)
FNDA:42,(anonymous_1)
FNDA:112,(anonymous_2)
DA:1,1
DA:2,42
DA:5,8
DA:7,104
DA:10,4
DA:12,42
DA:14,4
LF:7
LH:7
BRF:0
BRH:0
end_of_record
TN:
SF:/Users/derekrush/sites/codewars_js/src/noBoringZeros.ts
FN:1,(anonymous_0)
FNF:1
FNH:1
FNDA:6,(anonymous_0)
DA:1,1
DA:2,6
LF:2
LH:2
BRDA:3,0,0,2
BRDA:3,0,1,4
BRF:2
BRH:2
end_of_record
TN:
SF:/Users/derekrush/sites/codewars_js/src/reverseLinkedList.ts
FN:1,(anonymous_0)
FN:15,(anonymous_1)
FN:17,(anonymous_2)
FN:19,(anonymous_3)
FNF:4
FNH:4
FNDA:2,(anonymous_0)
FNDA:1,(anonymous_1)
FNDA:1,(anonymous_2)
FNDA:1,(anonymous_3)
DA:1,1
DA:2,2
DA:9,3
DA:10,3
DA:12,2
DA:15,1
DA:17,1
DA:19,1
LF:8
LH:8
BRF:0
BRH:0
end_of_record
TN:
SF:/Users/derekrush/sites/codewars_js/src/roboscript_one.ts
FN:1,(anonymous_0)
FN:2,(anonymous_1)
FN:3,(anonymous_2)
FN:4,(anonymous_3)
FN:5,(anonymous_4)
FNF:5
FNH:5
FNDA:4,(anonymous_0)
FNDA:10,(anonymous_1)
FNDA:10,(anonymous_2)
FNDA:4,(anonymous_3)
FNDA:4,(anonymous_4)
DA:1,1
DA:2,10
DA:3,10
DA:4,4
DA:5,4
LF:5
LH:5
BRF:0
BRH:0
end_of_record
TN:
SF:/Users/derekrush/sites/codewars_js/src/roboscript_two.ts
FN:1,(anonymous_0)
FN:14,(anonymous_1)
FN:18,(anonymous_2)
FNF:3
FNH:3
FNDA:4,(anonymous_0)
FNDA:3,(anonymous_1)
FNDA:29,(anonymous_2)
DA:1,1
DA:2,1
DA:3,0
DA:4,1
DA:5,0
DA:6,1
DA:7,0
DA:8,1
DA:9,0
DA:10,0
DA:14,1
DA:15,3
DA:16,3
DA:17,3
DA:18,3
DA:21,15
DA:22,15
DA:25,10
DA:28,4
DA:31,29
DA:33,3
DA:34,3
LF:22
LH:17
BRDA:2,0,0,4
BRDA:2,0,1,1
BRDA:3,1,0,3
BRDA:3,1,1,0
BRDA:4,2,0,3
BRDA:4,2,1,1
BRDA:5,3,0,2
BRDA:5,3,1,0
BRDA:6,4,0,2
BRDA:6,4,1,1
BRDA:7,5,0,1
BRDA:7,5,1,0
BRDA:8,6,0,1
BRDA:8,6,1,1
BRDA:9,7,0,0
BRDA:9,7,1,0
BRDA:20,8,0,25
BRDA:20,8,1,15
BRDA:27,9,0,4
BRDA:27,9,1,0
BRF:20
BRH:14
end_of_record
TN:
SF:/Users/derekrush/sites/codewars_js/src/ruleDivisibility13.ts
FN:1,(anonymous_0)
FNF:1
FNH:1
FNDA:5,(anonymous_0)
DA:1,1
DA:2,5
DA:3,5
DA:4,5
DA:5,5
DA:6,5
DA:8,14
DA:9,14
DA:10,57
DA:11,57
DA:13,5
DA:14,9
DA:15,9
DA:16,9
DA:18,5
LF:15
LH:15
BRDA:11,0,0,3
BRDA:11,0,1,54
BRF:2
BRH:2
end_of_record
TN:
SF:/Users/derekrush/sites/codewars_js/src/salesmansTravel.ts
FN:1,(anonymous_0)
FN:2,(anonymous_1)
FN:3,(anonymous_2)
FN:4,(anonymous_3)
FN:5,(anonymous_4)
FNF:5
FNH:5
FNDA:5,(anonymous_0)
FNDA:180,(anonymous_1)
FNDA:8,(anonymous_2)
FNDA:8,(anonymous_3)
FNDA:51,(anonymous_4)
DA:1,1
DA:2,180
DA:3,8
DA:4,8
DA:5,51
DA:6,5
LF:6
LH:6
BRF:0
BRH:0
end_of_record
TN:
SF:/Users/derekrush/sites/codewars_js/src/scramblies.ts
FN:1,(anonymous_0)
FN:4,(anonymous_1)
FN:5,(anonymous_2)
FN:6,(anonymous_3)
FNF:4
FNH:4
FNDA:8,(anonymous_0)
FNDA:65,(anonymous_1)
FNDA:86,(anonymous_2)
FNDA:65,(anonymous_3)
DA:1,1
DA:2,8
DA:3,8
DA:4,65
DA:5,86
DA:6,65
LF:6
LH:6
BRDA:4,0,0,65
BRDA:4,0,1,59
BRDA:5,1,0,86
BRDA:5,1,1,65
BRDA:6,2,0,61
BRDA:6,2,1,4
BRF:6
BRH:6
end_of_record
TN:
SF:/Users/derekrush/sites/codewars_js/src/simplistic_tcp_fsm.ts
FN:2,(anonymous_0)
FN:127,(anonymous_1)
FN:137,(anonymous_2)
FN:148,(anonymous_3)
FNF:4
FNH:2
FNDA:57,(anonymous_0)
FNDA:0,(anonymous_1)
FNDA:19,(anonymous_2)
FNDA:0,(anonymous_3)
DA:2,1
DA:7,57
DA:12,8
DA:13,8
DA:15,10
DA:16,10
DA:18,19
DA:22,8
DA:23,8
DA:25,0
DA:26,0
DA:28,1
DA:29,1
DA:31,0
DA:33,9
DA:37,5
DA:38,5
DA:40,0
DA:41,0
DA:43,1
DA:44,1
DA:46,0
DA:48,6
DA:52,7
DA:53,7
DA:55,0
DA:56,0
DA:58,0
DA:60,7
DA:64,4
DA:65,4
DA:67,5
DA:68,5
DA:70,1
DA:72,10
DA:76,0
DA:77,0
DA:79,0
DA:80,0
DA:82,0
DA:83,0
DA:85,2
DA:87,2
DA:91,0
DA:92,0
DA:94,0
DA:96,0
DA:100,0
DA:101,0
DA:103,0
DA:105,0
DA:109,2
DA:110,2
DA:112,2
DA:116,0
DA:117,0
DA:119,0
DA:121,0
DA:123,0
DA:124,0
DA:127,0
DA:128,0
DA:130,0
DA:132,2
DA:134,57
DA:137,1
DA:138,19
DA:139,19
DA:143,57
DA:144,57
DA:148,0
DA:149,0
DA:153,19
LF:73
LH:39
BRDA:2,0,0,0
BRDA:9,1,0,19
BRDA:9,1,1,9
BRDA:9,1,2,6
BRDA:9,1,3,7
BRDA:9,1,4,10
BRDA:9,1,5,2
BRDA:9,1,6,0
BRDA:9,1,7,0
BRDA:9,1,8,2
BRDA:9,1,9,0
BRDA:9,1,10,0
BRDA:9,1,11,0
BRDA:9,1,12,2
BRDA:11,2,0,8
BRDA:11,2,1,10
BRDA:21,3,0,8
BRDA:21,3,1,0
BRDA:21,3,2,1
BRDA:21,3,3,0
BRDA:36,4,0,5
BRDA:36,4,1,0
BRDA:36,4,2,1
BRDA:36,4,3,0
BRDA:51,5,0,7
BRDA:51,5,1,0
BRDA:51,5,2,0
BRDA:63,6,0,4
BRDA:63,6,1,5
BRDA:63,6,2,1
BRDA:75,7,0,0
BRDA:75,7,1,0
BRDA:75,7,2,0
BRDA:75,7,3,2
BRDA:90,8,0,0
BRDA:90,8,1,0
BRDA:99,9,0,0
BRDA:99,9,1,0
BRDA:108,10,0,2
BRDA:115,11,0,0
BRDA:115,11,1,0
BRDA:139,12,0,8
BRDA:139,12,1,11
BRDA:147,13,0,19
BRDA:147,13,1,19
BRF:45
BRH:24
end_of_record
TN:
SF:/Users/derekrush/sites/codewars_js/src/suzukiTofu.ts
FN:1,(anonymous_0)
FNF:1
FNH:1
FNDA:6,(anonymous_0)
DA:1,1
DA:2,6
DA:3,6
DA:6,185
DA:10,2
DA:12,4
DA:15,4
LF:7
LH:7
BRDA:5,0,0,191
BRDA:5,0,1,17
BRDA:9,1,0,6
BRDA:9,1,1,2
BRDA:9,1,2,5
BRDA:13,2,0,3
BRDA:13,2,1,1
BRF:7
BRH:7
end_of_record
TN:
SF:/Users/derekrush/sites/codewars_js/src/virusApple.ts
FN:1,(anonymous_0)
FN:7,(anonymous_1)
FN:8,(anonymous_2)
FNF:3
FNH:3
FNDA:7,(anonymous_0)
FNDA:65,(anonymous_1)
FNDA:325,(anonymous_2)
DA:1,1
DA:2,1
DA:3,6
DA:5,6
DA:6,13
DA:7,13
DA:8,65
DA:9,72
DA:12,13
DA:13,72
DA:14,72
DA:15,72
DA:16,72
DA:19,6
LF:14
LH:14
BRDA:13,0,0,66
BRDA:13,0,1,6
BRDA:14,1,0,67
BRDA:14,1,1,5
BRDA:15,2,0,67
BRDA:15,2,1,5
BRDA:16,3,0,62
BRDA:16,3,1,10
BRF:8
BRH:8
end_of_record
TN:
SF:/Users/derekrush/sites/codewars_js/src/wave.ts
FN:1,(anonymous_0)
FN:2,(anonymous_1)
FN:4,(anonymous_2)
FN:8,(anonymous_3)
FNF:4
FNH:4
FNDA:5,(anonymous_0)
FNDA:27,(anonymous_1)
FNDA:176,(anonymous_2)
FNDA:27,(anonymous_3)
DA:1,1
DA:2,5
DA:3,27
DA:5,176
DA:8,27
LF:5
LH:5
BRDA:4,0,0,24
BRDA:4,0,1,3
BRDA:5,1,0,24
BRDA:5,1,1,152
BRDA:5,2,0,176
BRDA:5,2,1,30
BRF:6
BRH:6
end_of_record
